2018-01-31 10:18:32,266 [main] ERROR org.springframework.boot.SpringApplication:771 - Application startup failed
java.lang.IllegalStateException: java.lang.IllegalStateException: Logback configuration error detected: 
ERROR in ch.qos.logback.core.joran.spi.Interpreter@9:13 - no applicable action for [Encoding], current ElementPath  is [[configuration][appender][Encoding]]
ERROR in ch.qos.logback.core.joran.spi.Interpreter@9:13 - no applicable action for [Encoding], current ElementPath  is [[configuration][appender][Encoding]]
	at org.springframework.boot.logging.LoggingApplicationListener.initializeSystem(LoggingApplicationListener.java:315)
	at org.springframework.boot.logging.LoggingApplicationListener.initialize(LoggingApplicationListener.java:276)
	at org.springframework.boot.logging.LoggingApplicationListener.onApplicationEnvironmentPreparedEvent(LoggingApplicationListener.java:239)
	at org.springframework.boot.logging.LoggingApplicationListener.onApplicationEvent(LoggingApplicationListener.java:212)
	at org.springframework.context.event.SimpleApplicationEventMulticaster.doInvokeListener(SimpleApplicationEventMulticaster.java:172)
	at org.springframework.context.event.SimpleApplicationEventMulticaster.invokeListener(SimpleApplicationEventMulticaster.java:165)
	at org.springframework.context.event.SimpleApplicationEventMulticaster.multicastEvent(SimpleApplicationEventMulticaster.java:139)
	at org.springframework.context.event.SimpleApplicationEventMulticaster.multicastEvent(SimpleApplicationEventMulticaster.java:122)
	at org.springframework.boot.context.event.EventPublishingRunListener.environmentPrepared(EventPublishingRunListener.java:74)
	at org.springframework.boot.SpringApplicationRunListeners.environmentPrepared(SpringApplicationRunListeners.java:54)
	at org.springframework.boot.SpringApplication.prepareEnvironment(SpringApplication.java:325)
	at org.springframework.boot.SpringApplication.run(SpringApplication.java:296)
	at org.springframework.boot.SpringApplication.run(SpringApplication.java:1118)
	at org.springframework.boot.SpringApplication.run(SpringApplication.java:1107)
	at com.douban.DoubanApplication.main(DoubanApplication.java:12)
Caused by: java.lang.IllegalStateException: Logback configuration error detected: 
ERROR in ch.qos.logback.core.joran.spi.Interpreter@9:13 - no applicable action for [Encoding], current ElementPath  is [[configuration][appender][Encoding]]
ERROR in ch.qos.logback.core.joran.spi.Interpreter@9:13 - no applicable action for [Encoding], current ElementPath  is [[configuration][appender][Encoding]]
	at org.springframework.boot.logging.logback.LogbackLoggingSystem.loadConfiguration(LogbackLoggingSystem.java:162)
	at org.springframework.boot.logging.AbstractLoggingSystem.initializeWithSpecificConfig(AbstractLoggingSystem.java:66)
	at org.springframework.boot.logging.AbstractLoggingSystem.initialize(AbstractLoggingSystem.java:56)
	at org.springframework.boot.logging.logback.LogbackLoggingSystem.initialize(LogbackLoggingSystem.java:115)
	at org.springframework.boot.logging.LoggingApplicationListener.initializeSystem(LoggingApplicationListener.java:308)
	... 14 common frames omitted
2018-01-31 11:09:27,848 [main] INFO  com.douban.DoubanApplication:48 - Starting DoubanApplication on MacBookPro.local with PID 9966 (/Users/plusx/myDemo/douban/target/classes started by plusx in /Users/plusx/myDemo/douban)
2018-01-31 11:09:27,853 [main] INFO  com.douban.DoubanApplication:593 - No active profile set, falling back to default profiles: default
2018-01-31 11:09:27,995 [main] INFO  o.s.b.c.e.AnnotationConfigEmbeddedWebApplicationContext:583 - Refreshing org.springframework.boot.context.embedded.AnnotationConfigEmbeddedWebApplicationContext@49b0b76: startup date [Wed Jan 31 11:09:27 CST 2018]; root of context hierarchy
2018-01-31 11:09:28,230 [background-preinit] INFO  org.hibernate.validator.internal.util.Version:30 - HV000001: Hibernate Validator 5.3.6.Final
2018-01-31 11:09:29,324 [main] INFO  o.s.d.r.config.RepositoryConfigurationDelegate:165 - Multiple Spring Data modules found, entering strict repository configuration mode!
2018-01-31 11:09:29,676 [main] INFO  o.s.c.s.PostProcessorRegistrationDelegate$BeanPostProcessorChecker:327 - Bean 'org.springframework.transaction.annotation.ProxyTransactionManagementConfiguration' of type [org.springframework.transaction.annotation.ProxyTransactionManagementConfiguration$$EnhancerBySpringCGLIB$$fbc97e96] is not eligible for getting processed by all BeanPostProcessors (for example: not eligible for auto-proxying)
2018-01-31 11:09:30,131 [main] INFO  o.s.b.c.e.tomcat.TomcatEmbeddedServletContainer:89 - Tomcat initialized with port(s): 8080 (http)
2018-01-31 11:09:30,144 [main] INFO  org.apache.catalina.core.StandardService:179 - Starting service [Tomcat]
2018-01-31 11:09:30,145 [main] INFO  org.apache.catalina.core.StandardEngine:179 - Starting Servlet Engine: Apache Tomcat/8.5.23
2018-01-31 11:09:30,227 [localhost-startStop-1] INFO  o.a.c.core.ContainerBase.[Tomcat].[localhost].[/]:179 - Initializing Spring embedded WebApplicationContext
2018-01-31 11:09:30,228 [localhost-startStop-1] INFO  org.springframework.web.context.ContextLoader:276 - Root WebApplicationContext: initialization completed in 2233 ms
2018-01-31 11:09:30,344 [localhost-startStop-1] INFO  o.s.boot.web.servlet.ServletRegistrationBean:190 - Mapping servlet: 'dispatcherServlet' to [/]
2018-01-31 11:09:30,348 [localhost-startStop-1] INFO  o.s.boot.web.servlet.FilterRegistrationBean:258 - Mapping filter: 'characterEncodingFilter' to: [/*]
2018-01-31 11:09:30,349 [localhost-startStop-1] INFO  o.s.boot.web.servlet.FilterRegistrationBean:258 - Mapping filter: 'hiddenHttpMethodFilter' to: [/*]
2018-01-31 11:09:30,350 [localhost-startStop-1] INFO  o.s.boot.web.servlet.FilterRegistrationBean:258 - Mapping filter: 'httpPutFormContentFilter' to: [/*]
2018-01-31 11:09:30,350 [localhost-startStop-1] INFO  o.s.boot.web.servlet.FilterRegistrationBean:258 - Mapping filter: 'requestContextFilter' to: [/*]
2018-01-31 11:09:31,042 [main] INFO  o.s.w.s.m.m.a.RequestMappingHandlerMapping:543 - Mapped "{[/user/{id}],methods=[GET],produces=[application/json;charset=UTF-8]}" onto public com.douban.web.support.Result com.douban.web.controller.UserController.get(java.lang.Integer)
2018-01-31 11:09:31,049 [main] INFO  o.s.w.s.m.m.a.RequestMappingHandlerMapping:543 - Mapped "{[/swagger-resources/configuration/ui]}" onto public org.springframework.http.ResponseEntity<springfox.documentation.swagger.web.UiConfiguration> springfox.documentation.swagger.web.ApiResourceController.uiConfiguration()
2018-01-31 11:09:31,049 [main] INFO  o.s.w.s.m.m.a.RequestMappingHandlerMapping:543 - Mapped "{[/swagger-resources/configuration/security]}" onto public org.springframework.http.ResponseEntity<springfox.documentation.swagger.web.SecurityConfiguration> springfox.documentation.swagger.web.ApiResourceController.securityConfiguration()
2018-01-31 11:09:31,050 [main] INFO  o.s.w.s.m.m.a.RequestMappingHandlerMapping:543 - Mapped "{[/swagger-resources]}" onto public org.springframework.http.ResponseEntity<java.util.List<springfox.documentation.swagger.web.SwaggerResource>> springfox.documentation.swagger.web.ApiResourceController.swaggerResources()
2018-01-31 11:09:31,054 [main] INFO  o.s.w.s.m.m.a.RequestMappingHandlerMapping:543 - Mapped "{[/error]}" onto public org.springframework.http.ResponseEntity<java.util.Map<java.lang.String, java.lang.Object>> org.springframework.boot.autoconfigure.web.BasicErrorController.error(javax.servlet.http.HttpServletRequest)
2018-01-31 11:09:31,055 [main] INFO  o.s.w.s.m.m.a.RequestMappingHandlerMapping:543 - Mapped "{[/error],produces=[text/html]}" onto public org.springframework.web.servlet.ModelAndView org.springframework.boot.autoconfigure.web.BasicErrorController.errorHtml(javax.servlet.http.HttpServletRequest,javax.servlet.http.HttpServletResponse)
2018-01-31 11:09:31,167 [main] INFO  s.d.s.w.PropertySourcedRequestMappingHandlerMapping:69 - Mapped URL path [/v2/api-docs] onto method [public org.springframework.http.ResponseEntity<springfox.documentation.spring.web.json.Json> springfox.documentation.swagger2.web.Swagger2Controller.getDocumentation(java.lang.String,javax.servlet.http.HttpServletRequest)]
2018-01-31 11:09:31,391 [main] INFO  o.s.w.s.m.m.a.RequestMappingHandlerAdapter:534 - Looking for @ControllerAdvice: org.springframework.boot.context.embedded.AnnotationConfigEmbeddedWebApplicationContext@49b0b76: startup date [Wed Jan 31 11:09:27 CST 2018]; root of context hierarchy
2018-01-31 11:09:31,434 [main] INFO  o.s.web.servlet.handler.SimpleUrlHandlerMapping:362 - Mapped URL path [/webjars/**] onto handler of type [class org.springframework.web.servlet.resource.ResourceHttpRequestHandler]
2018-01-31 11:09:31,435 [main] INFO  o.s.web.servlet.handler.SimpleUrlHandlerMapping:362 - Mapped URL path [/**] onto handler of type [class org.springframework.web.servlet.resource.ResourceHttpRequestHandler]
2018-01-31 11:09:31,478 [main] INFO  o.s.web.servlet.handler.SimpleUrlHandlerMapping:362 - Mapped URL path [/**/favicon.ico] onto handler of type [class org.springframework.web.servlet.resource.ResourceHttpRequestHandler]
2018-01-31 11:09:31,792 [main] INFO  o.s.jmx.export.annotation.AnnotationMBeanExporter:431 - Registering beans for JMX exposure on startup
2018-01-31 11:09:31,802 [main] INFO  o.s.context.support.DefaultLifecycleProcessor:343 - Starting beans in phase 2147483647
2018-01-31 11:09:31,802 [main] INFO  s.d.s.web.plugins.DocumentationPluginsBootstrapper:147 - Context refreshed
2018-01-31 11:09:31,819 [main] INFO  s.d.s.web.plugins.DocumentationPluginsBootstrapper:150 - Found 1 custom documentation plugin(s)
2018-01-31 11:09:31,958 [main] INFO  s.d.spring.web.scanners.ApiListingReferenceScanner:41 - Scanning for api listing references
2018-01-31 11:09:32,087 [main] INFO  org.apache.coyote.http11.Http11NioProtocol:179 - Initializing ProtocolHandler ["http-nio-8080"]
2018-01-31 11:09:32,095 [main] INFO  org.apache.coyote.http11.Http11NioProtocol:179 - Starting ProtocolHandler ["http-nio-8080"]
2018-01-31 11:09:32,115 [main] INFO  org.apache.tomcat.util.net.NioSelectorPool:179 - Using a shared selector for servlet write/read
2018-01-31 11:09:32,131 [main] INFO  o.s.b.c.e.tomcat.TomcatEmbeddedServletContainer:201 - Tomcat started on port(s): 8080 (http)
2018-01-31 11:09:32,136 [main] INFO  com.douban.DoubanApplication:57 - Started DoubanApplication in 4.785 seconds (JVM running for 6.327)
2018-01-31 11:09:46,921 [http-nio-8080-exec-1] INFO  o.a.c.core.ContainerBase.[Tomcat].[localhost].[/]:179 - Initializing Spring FrameworkServlet 'dispatcherServlet'
2018-01-31 11:09:46,922 [http-nio-8080-exec-1] INFO  org.springframework.web.servlet.DispatcherServlet:489 - FrameworkServlet 'dispatcherServlet': initialization started
2018-01-31 11:09:46,937 [http-nio-8080-exec-1] INFO  org.springframework.web.servlet.DispatcherServlet:508 - FrameworkServlet 'dispatcherServlet': initialization completed in 15 ms
2018-01-31 11:10:01,619 [http-nio-8080-exec-8] ERROR org.apache.tomcat.jdbc.pool.ConnectionPool:181 - Unable to create initial connections of pool.
com.mysql.jdbc.exceptions.jdbc4.CommunicationsException: Communications link failure

The last packet sent successfully to the server was 0 milliseconds ago. The driver has not received any packets from the server.
	at sun.reflect.NativeConstructorAccessorImpl.newInstance0(Native Method)
	at sun.reflect.NativeConstructorAccessorImpl.newInstance(NativeConstructorAccessorImpl.java:62)
	at sun.reflect.DelegatingConstructorAccessorImpl.newInstance(DelegatingConstructorAccessorImpl.java:45)
	at java.lang.reflect.Constructor.newInstance(Constructor.java:423)
	at com.mysql.jdbc.Util.handleNewInstance(Util.java:425)
	at com.mysql.jdbc.SQLError.createCommunicationsException(SQLError.java:989)
	at com.mysql.jdbc.MysqlIO.<init>(MysqlIO.java:341)
	at com.mysql.jdbc.ConnectionImpl.coreConnect(ConnectionImpl.java:2189)
	at com.mysql.jdbc.ConnectionImpl.connectOneTryOnly(ConnectionImpl.java:2222)
	at com.mysql.jdbc.ConnectionImpl.createNewIO(ConnectionImpl.java:2017)
	at com.mysql.jdbc.ConnectionImpl.<init>(ConnectionImpl.java:779)
	at com.mysql.jdbc.JDBC4Connection.<init>(JDBC4Connection.java:47)
	at sun.reflect.NativeConstructorAccessorImpl.newInstance0(Native Method)
	at sun.reflect.NativeConstructorAccessorImpl.newInstance(NativeConstructorAccessorImpl.java:62)
	at sun.reflect.DelegatingConstructorAccessorImpl.newInstance(DelegatingConstructorAccessorImpl.java:45)
	at java.lang.reflect.Constructor.newInstance(Constructor.java:423)
	at com.mysql.jdbc.Util.handleNewInstance(Util.java:425)
	at com.mysql.jdbc.ConnectionImpl.getInstance(ConnectionImpl.java:389)
	at com.mysql.jdbc.NonRegisteringDriver.connect(NonRegisteringDriver.java:330)
	at org.apache.tomcat.jdbc.pool.PooledConnection.connectUsingDriver(PooledConnection.java:310)
	at org.apache.tomcat.jdbc.pool.PooledConnection.connect(PooledConnection.java:203)
	at org.apache.tomcat.jdbc.pool.ConnectionPool.createConnection(ConnectionPool.java:735)
	at org.apache.tomcat.jdbc.pool.ConnectionPool.borrowConnection(ConnectionPool.java:667)
	at org.apache.tomcat.jdbc.pool.ConnectionPool.init(ConnectionPool.java:482)
	at org.apache.tomcat.jdbc.pool.ConnectionPool.<init>(ConnectionPool.java:154)
	at org.apache.tomcat.jdbc.pool.DataSourceProxy.pCreatePool(DataSourceProxy.java:118)
	at org.apache.tomcat.jdbc.pool.DataSourceProxy.createPool(DataSourceProxy.java:107)
	at org.apache.tomcat.jdbc.pool.DataSourceProxy.getConnection(DataSourceProxy.java:131)
	at org.springframework.jdbc.datasource.DataSourceUtils.doGetConnection(DataSourceUtils.java:111)
	at org.springframework.jdbc.datasource.DataSourceUtils.getConnection(DataSourceUtils.java:77)
	at org.mybatis.spring.transaction.SpringManagedTransaction.openConnection(SpringManagedTransaction.java:82)
	at org.mybatis.spring.transaction.SpringManagedTransaction.getConnection(SpringManagedTransaction.java:68)
	at org.apache.ibatis.executor.BaseExecutor.getConnection(BaseExecutor.java:336)
	at org.apache.ibatis.executor.SimpleExecutor.prepareStatement(SimpleExecutor.java:84)
	at org.apache.ibatis.executor.SimpleExecutor.doQuery(SimpleExecutor.java:62)
	at org.apache.ibatis.executor.BaseExecutor.queryFromDatabase(BaseExecutor.java:324)
	at org.apache.ibatis.executor.BaseExecutor.query(BaseExecutor.java:156)
	at org.apache.ibatis.executor.CachingExecutor.query(CachingExecutor.java:109)
	at org.apache.ibatis.executor.CachingExecutor.query(CachingExecutor.java:83)
	at org.apache.ibatis.session.defaults.DefaultSqlSession.selectList(DefaultSqlSession.java:148)
	at org.apache.ibatis.session.defaults.DefaultSqlSession.selectList(DefaultSqlSession.java:141)
	at org.apache.ibatis.session.defaults.DefaultSqlSession.selectOne(DefaultSqlSession.java:77)
	at sun.reflect.NativeMethodAccessorImpl.invoke0(Native Method)
	at sun.reflect.NativeMethodAccessorImpl.invoke(NativeMethodAccessorImpl.java:62)
	at sun.reflect.DelegatingMethodAccessorImpl.invoke(DelegatingMethodAccessorImpl.java:43)
	at java.lang.reflect.Method.invoke(Method.java:498)
	at org.mybatis.spring.SqlSessionTemplate$SqlSessionInterceptor.invoke(SqlSessionTemplate.java:433)
	at com.sun.proxy.$Proxy65.selectOne(Unknown Source)
	at org.mybatis.spring.SqlSessionTemplate.selectOne(SqlSessionTemplate.java:166)
	at org.apache.ibatis.binding.MapperMethod.execute(MapperMethod.java:82)
	at org.apache.ibatis.binding.MapperProxy.invoke(MapperProxy.java:59)
	at com.sun.proxy.$Proxy66.getById(Unknown Source)
	at com.douban.service.impl.UserServiceImpl.getById(UserServiceImpl.java:22)
	at com.douban.web.controller.UserController.get(UserController.java:31)
	at sun.reflect.NativeMethodAccessorImpl.invoke0(Native Method)
	at sun.reflect.NativeMethodAccessorImpl.invoke(NativeMethodAccessorImpl.java:62)
	at sun.reflect.DelegatingMethodAccessorImpl.invoke(DelegatingMethodAccessorImpl.java:43)
	at java.lang.reflect.Method.invoke(Method.java:498)
	at org.springframework.web.method.support.InvocableHandlerMethod.doInvoke(InvocableHandlerMethod.java:205)
	at org.springframework.web.method.support.InvocableHandlerMethod.invokeForRequest(InvocableHandlerMethod.java:133)
	at org.springframework.web.servlet.mvc.method.annotation.ServletInvocableHandlerMethod.invokeAndHandle(ServletInvocableHandlerMethod.java:97)
	at org.springframework.web.servlet.mvc.method.annotation.RequestMappingHandlerAdapter.invokeHandlerMethod(RequestMappingHandlerAdapter.java:827)
	at org.springframework.web.servlet.mvc.method.annotation.RequestMappingHandlerAdapter.handleInternal(RequestMappingHandlerAdapter.java:738)
	at org.springframework.web.servlet.mvc.method.AbstractHandlerMethodAdapter.handle(AbstractHandlerMethodAdapter.java:85)
	at org.springframework.web.servlet.DispatcherServlet.doDispatch(DispatcherServlet.java:967)
	at org.springframework.web.servlet.DispatcherServlet.doService(DispatcherServlet.java:901)
	at org.springframework.web.servlet.FrameworkServlet.processRequest(FrameworkServlet.java:970)
	at org.springframework.web.servlet.FrameworkServlet.doGet(FrameworkServlet.java:861)
	at javax.servlet.http.HttpServlet.service(HttpServlet.java:635)
	at org.springframework.web.servlet.FrameworkServlet.service(FrameworkServlet.java:846)
	at javax.servlet.http.HttpServlet.service(HttpServlet.java:742)
	at org.apache.catalina.core.ApplicationFilterChain.internalDoFilter(ApplicationFilterChain.java:231)
	at org.apache.catalina.core.ApplicationFilterChain.doFilter(ApplicationFilterChain.java:166)
	at org.apache.tomcat.websocket.server.WsFilter.doFilter(WsFilter.java:52)
	at org.apache.catalina.core.ApplicationFilterChain.internalDoFilter(ApplicationFilterChain.java:193)
	at org.apache.catalina.core.ApplicationFilterChain.doFilter(ApplicationFilterChain.java:166)
	at org.springframework.web.filter.RequestContextFilter.doFilterInternal(RequestContextFilter.java:99)
	at org.springframework.web.filter.OncePerRequestFilter.doFilter(OncePerRequestFilter.java:107)
	at org.apache.catalina.core.ApplicationFilterChain.internalDoFilter(ApplicationFilterChain.java:193)
	at org.apache.catalina.core.ApplicationFilterChain.doFilter(ApplicationFilterChain.java:166)
	at org.springframework.web.filter.HttpPutFormContentFilter.doFilterInternal(HttpPutFormContentFilter.java:108)
	at org.springframework.web.filter.OncePerRequestFilter.doFilter(OncePerRequestFilter.java:107)
	at org.apache.catalina.core.ApplicationFilterChain.internalDoFilter(ApplicationFilterChain.java:193)
	at org.apache.catalina.core.ApplicationFilterChain.doFilter(ApplicationFilterChain.java:166)
	at org.springframework.web.filter.HiddenHttpMethodFilter.doFilterInternal(HiddenHttpMethodFilter.java:81)
	at org.springframework.web.filter.OncePerRequestFilter.doFilter(OncePerRequestFilter.java:107)
	at org.apache.catalina.core.ApplicationFilterChain.internalDoFilter(ApplicationFilterChain.java:193)
	at org.apache.catalina.core.ApplicationFilterChain.doFilter(ApplicationFilterChain.java:166)
	at org.springframework.web.filter.CharacterEncodingFilter.doFilterInternal(CharacterEncodingFilter.java:197)
	at org.springframework.web.filter.OncePerRequestFilter.doFilter(OncePerRequestFilter.java:107)
	at org.apache.catalina.core.ApplicationFilterChain.internalDoFilter(ApplicationFilterChain.java:193)
	at org.apache.catalina.core.ApplicationFilterChain.doFilter(ApplicationFilterChain.java:166)
	at org.apache.catalina.core.StandardWrapperValve.invoke(StandardWrapperValve.java:199)
	at org.apache.catalina.core.StandardContextValve.invoke(StandardContextValve.java:96)
	at org.apache.catalina.authenticator.AuthenticatorBase.invoke(AuthenticatorBase.java:478)
	at org.apache.catalina.core.StandardHostValve.invoke(StandardHostValve.java:140)
	at org.apache.catalina.valves.ErrorReportValve.invoke(ErrorReportValve.java:81)
	at org.apache.catalina.core.StandardEngineValve.invoke(StandardEngineValve.java:87)
	at org.apache.catalina.connector.CoyoteAdapter.service(CoyoteAdapter.java:342)
	at org.apache.coyote.http11.Http11Processor.service(Http11Processor.java:803)
	at org.apache.coyote.AbstractProcessorLight.process(AbstractProcessorLight.java:66)
	at org.apache.coyote.AbstractProtocol$ConnectionHandler.process(AbstractProtocol.java:868)
	at org.apache.tomcat.util.net.NioEndpoint$SocketProcessor.doRun(NioEndpoint.java:1459)
	at org.apache.tomcat.util.net.SocketProcessorBase.run(SocketProcessorBase.java:49)
	at java.util.concurrent.ThreadPoolExecutor.runWorker(ThreadPoolExecutor.java:1149)
	at java.util.concurrent.ThreadPoolExecutor$Worker.run(ThreadPoolExecutor.java:624)
	at org.apache.tomcat.util.threads.TaskThread$WrappingRunnable.run(TaskThread.java:61)
	at java.lang.Thread.run(Thread.java:748)
Caused by: java.net.ConnectException: Connection refused (Connection refused)
	at java.net.PlainSocketImpl.socketConnect(Native Method)
	at java.net.AbstractPlainSocketImpl.doConnect(AbstractPlainSocketImpl.java:350)
	at java.net.AbstractPlainSocketImpl.connectToAddress(AbstractPlainSocketImpl.java:206)
	at java.net.AbstractPlainSocketImpl.connect(AbstractPlainSocketImpl.java:188)
	at java.net.SocksSocketImpl.connect(SocksSocketImpl.java:392)
	at java.net.Socket.connect(Socket.java:589)
	at com.mysql.jdbc.StandardSocketFactory.connect(StandardSocketFactory.java:211)
	at com.mysql.jdbc.MysqlIO.<init>(MysqlIO.java:300)
	... 101 common frames omitted
2018-01-31 11:10:01,629 [http-nio-8080-exec-8] ERROR o.a.c.c.C.[.[localhost].[/].[dispatcherServlet]:181 - Servlet.service() for servlet [dispatcherServlet] in context with path [] threw exception [Request processing failed; nested exception is org.mybatis.spring.MyBatisSystemException: nested exception is org.apache.ibatis.exceptions.PersistenceException: 
### Error querying database.  Cause: org.springframework.jdbc.CannotGetJdbcConnectionException: Could not get JDBC Connection; nested exception is com.mysql.jdbc.exceptions.jdbc4.CommunicationsException: Communications link failure

The last packet sent successfully to the server was 0 milliseconds ago. The driver has not received any packets from the server.
### The error may exist in file [/Users/plusx/myDemo/douban/target/classes/com/douban/mapper/xml/UserMapper.xml]
### The error may involve com.douban.mapper.UserMapper.getById
### The error occurred while executing a query
### Cause: org.springframework.jdbc.CannotGetJdbcConnectionException: Could not get JDBC Connection; nested exception is com.mysql.jdbc.exceptions.jdbc4.CommunicationsException: Communications link failure

The last packet sent successfully to the server was 0 milliseconds ago. The driver has not received any packets from the server.] with root cause
java.net.ConnectException: Connection refused (Connection refused)
	at java.net.PlainSocketImpl.socketConnect(Native Method)
	at java.net.AbstractPlainSocketImpl.doConnect(AbstractPlainSocketImpl.java:350)
	at java.net.AbstractPlainSocketImpl.connectToAddress(AbstractPlainSocketImpl.java:206)
	at java.net.AbstractPlainSocketImpl.connect(AbstractPlainSocketImpl.java:188)
	at java.net.SocksSocketImpl.connect(SocksSocketImpl.java:392)
	at java.net.Socket.connect(Socket.java:589)
	at com.mysql.jdbc.StandardSocketFactory.connect(StandardSocketFactory.java:211)
	at com.mysql.jdbc.MysqlIO.<init>(MysqlIO.java:300)
	at com.mysql.jdbc.ConnectionImpl.coreConnect(ConnectionImpl.java:2189)
	at com.mysql.jdbc.ConnectionImpl.connectOneTryOnly(ConnectionImpl.java:2222)
	at com.mysql.jdbc.ConnectionImpl.createNewIO(ConnectionImpl.java:2017)
	at com.mysql.jdbc.ConnectionImpl.<init>(ConnectionImpl.java:779)
	at com.mysql.jdbc.JDBC4Connection.<init>(JDBC4Connection.java:47)
	at sun.reflect.NativeConstructorAccessorImpl.newInstance0(Native Method)
	at sun.reflect.NativeConstructorAccessorImpl.newInstance(NativeConstructorAccessorImpl.java:62)
	at sun.reflect.DelegatingConstructorAccessorImpl.newInstance(DelegatingConstructorAccessorImpl.java:45)
	at java.lang.reflect.Constructor.newInstance(Constructor.java:423)
	at com.mysql.jdbc.Util.handleNewInstance(Util.java:425)
	at com.mysql.jdbc.ConnectionImpl.getInstance(ConnectionImpl.java:389)
	at com.mysql.jdbc.NonRegisteringDriver.connect(NonRegisteringDriver.java:330)
	at org.apache.tomcat.jdbc.pool.PooledConnection.connectUsingDriver(PooledConnection.java:310)
	at org.apache.tomcat.jdbc.pool.PooledConnection.connect(PooledConnection.java:203)
	at org.apache.tomcat.jdbc.pool.ConnectionPool.createConnection(ConnectionPool.java:735)
	at org.apache.tomcat.jdbc.pool.ConnectionPool.borrowConnection(ConnectionPool.java:667)
	at org.apache.tomcat.jdbc.pool.ConnectionPool.init(ConnectionPool.java:482)
	at org.apache.tomcat.jdbc.pool.ConnectionPool.<init>(ConnectionPool.java:154)
	at org.apache.tomcat.jdbc.pool.DataSourceProxy.pCreatePool(DataSourceProxy.java:118)
	at org.apache.tomcat.jdbc.pool.DataSourceProxy.createPool(DataSourceProxy.java:107)
	at org.apache.tomcat.jdbc.pool.DataSourceProxy.getConnection(DataSourceProxy.java:131)
	at org.springframework.jdbc.datasource.DataSourceUtils.doGetConnection(DataSourceUtils.java:111)
	at org.springframework.jdbc.datasource.DataSourceUtils.getConnection(DataSourceUtils.java:77)
	at org.mybatis.spring.transaction.SpringManagedTransaction.openConnection(SpringManagedTransaction.java:82)
	at org.mybatis.spring.transaction.SpringManagedTransaction.getConnection(SpringManagedTransaction.java:68)
	at org.apache.ibatis.executor.BaseExecutor.getConnection(BaseExecutor.java:336)
	at org.apache.ibatis.executor.SimpleExecutor.prepareStatement(SimpleExecutor.java:84)
	at org.apache.ibatis.executor.SimpleExecutor.doQuery(SimpleExecutor.java:62)
	at org.apache.ibatis.executor.BaseExecutor.queryFromDatabase(BaseExecutor.java:324)
	at org.apache.ibatis.executor.BaseExecutor.query(BaseExecutor.java:156)
	at org.apache.ibatis.executor.CachingExecutor.query(CachingExecutor.java:109)
	at org.apache.ibatis.executor.CachingExecutor.query(CachingExecutor.java:83)
	at org.apache.ibatis.session.defaults.DefaultSqlSession.selectList(DefaultSqlSession.java:148)
	at org.apache.ibatis.session.defaults.DefaultSqlSession.selectList(DefaultSqlSession.java:141)
	at org.apache.ibatis.session.defaults.DefaultSqlSession.selectOne(DefaultSqlSession.java:77)
	at sun.reflect.NativeMethodAccessorImpl.invoke0(Native Method)
	at sun.reflect.NativeMethodAccessorImpl.invoke(NativeMethodAccessorImpl.java:62)
	at sun.reflect.DelegatingMethodAccessorImpl.invoke(DelegatingMethodAccessorImpl.java:43)
	at java.lang.reflect.Method.invoke(Method.java:498)
	at org.mybatis.spring.SqlSessionTemplate$SqlSessionInterceptor.invoke(SqlSessionTemplate.java:433)
	at com.sun.proxy.$Proxy65.selectOne(Unknown Source)
	at org.mybatis.spring.SqlSessionTemplate.selectOne(SqlSessionTemplate.java:166)
	at org.apache.ibatis.binding.MapperMethod.execute(MapperMethod.java:82)
	at org.apache.ibatis.binding.MapperProxy.invoke(MapperProxy.java:59)
	at com.sun.proxy.$Proxy66.getById(Unknown Source)
	at com.douban.service.impl.UserServiceImpl.getById(UserServiceImpl.java:22)
	at com.douban.web.controller.UserController.get(UserController.java:31)
	at sun.reflect.NativeMethodAccessorImpl.invoke0(Native Method)
	at sun.reflect.NativeMethodAccessorImpl.invoke(NativeMethodAccessorImpl.java:62)
	at sun.reflect.DelegatingMethodAccessorImpl.invoke(DelegatingMethodAccessorImpl.java:43)
	at java.lang.reflect.Method.invoke(Method.java:498)
	at org.springframework.web.method.support.InvocableHandlerMethod.doInvoke(InvocableHandlerMethod.java:205)
	at org.springframework.web.method.support.InvocableHandlerMethod.invokeForRequest(InvocableHandlerMethod.java:133)
	at org.springframework.web.servlet.mvc.method.annotation.ServletInvocableHandlerMethod.invokeAndHandle(ServletInvocableHandlerMethod.java:97)
	at org.springframework.web.servlet.mvc.method.annotation.RequestMappingHandlerAdapter.invokeHandlerMethod(RequestMappingHandlerAdapter.java:827)
	at org.springframework.web.servlet.mvc.method.annotation.RequestMappingHandlerAdapter.handleInternal(RequestMappingHandlerAdapter.java:738)
	at org.springframework.web.servlet.mvc.method.AbstractHandlerMethodAdapter.handle(AbstractHandlerMethodAdapter.java:85)
	at org.springframework.web.servlet.DispatcherServlet.doDispatch(DispatcherServlet.java:967)
	at org.springframework.web.servlet.DispatcherServlet.doService(DispatcherServlet.java:901)
	at org.springframework.web.servlet.FrameworkServlet.processRequest(FrameworkServlet.java:970)
	at org.springframework.web.servlet.FrameworkServlet.doGet(FrameworkServlet.java:861)
	at javax.servlet.http.HttpServlet.service(HttpServlet.java:635)
	at org.springframework.web.servlet.FrameworkServlet.service(FrameworkServlet.java:846)
	at javax.servlet.http.HttpServlet.service(HttpServlet.java:742)
	at org.apache.catalina.core.ApplicationFilterChain.internalDoFilter(ApplicationFilterChain.java:231)
	at org.apache.catalina.core.ApplicationFilterChain.doFilter(ApplicationFilterChain.java:166)
	at org.apache.tomcat.websocket.server.WsFilter.doFilter(WsFilter.java:52)
	at org.apache.catalina.core.ApplicationFilterChain.internalDoFilter(ApplicationFilterChain.java:193)
	at org.apache.catalina.core.ApplicationFilterChain.doFilter(ApplicationFilterChain.java:166)
	at org.springframework.web.filter.RequestContextFilter.doFilterInternal(RequestContextFilter.java:99)
	at org.springframework.web.filter.OncePerRequestFilter.doFilter(OncePerRequestFilter.java:107)
	at org.apache.catalina.core.ApplicationFilterChain.internalDoFilter(ApplicationFilterChain.java:193)
	at org.apache.catalina.core.ApplicationFilterChain.doFilter(ApplicationFilterChain.java:166)
	at org.springframework.web.filter.HttpPutFormContentFilter.doFilterInternal(HttpPutFormContentFilter.java:108)
	at org.springframework.web.filter.OncePerRequestFilter.doFilter(OncePerRequestFilter.java:107)
	at org.apache.catalina.core.ApplicationFilterChain.internalDoFilter(ApplicationFilterChain.java:193)
	at org.apache.catalina.core.ApplicationFilterChain.doFilter(ApplicationFilterChain.java:166)
	at org.springframework.web.filter.HiddenHttpMethodFilter.doFilterInternal(HiddenHttpMethodFilter.java:81)
	at org.springframework.web.filter.OncePerRequestFilter.doFilter(OncePerRequestFilter.java:107)
	at org.apache.catalina.core.ApplicationFilterChain.internalDoFilter(ApplicationFilterChain.java:193)
	at org.apache.catalina.core.ApplicationFilterChain.doFilter(ApplicationFilterChain.java:166)
	at org.springframework.web.filter.CharacterEncodingFilter.doFilterInternal(CharacterEncodingFilter.java:197)
	at org.springframework.web.filter.OncePerRequestFilter.doFilter(OncePerRequestFilter.java:107)
	at org.apache.catalina.core.ApplicationFilterChain.internalDoFilter(ApplicationFilterChain.java:193)
	at org.apache.catalina.core.ApplicationFilterChain.doFilter(ApplicationFilterChain.java:166)
	at org.apache.catalina.core.StandardWrapperValve.invoke(StandardWrapperValve.java:199)
	at org.apache.catalina.core.StandardContextValve.invoke(StandardContextValve.java:96)
	at org.apache.catalina.authenticator.AuthenticatorBase.invoke(AuthenticatorBase.java:478)
	at org.apache.catalina.core.StandardHostValve.invoke(StandardHostValve.java:140)
	at org.apache.catalina.valves.ErrorReportValve.invoke(ErrorReportValve.java:81)
	at org.apache.catalina.core.StandardEngineValve.invoke(StandardEngineValve.java:87)
	at org.apache.catalina.connector.CoyoteAdapter.service(CoyoteAdapter.java:342)
	at org.apache.coyote.http11.Http11Processor.service(Http11Processor.java:803)
	at org.apache.coyote.AbstractProcessorLight.process(AbstractProcessorLight.java:66)
	at org.apache.coyote.AbstractProtocol$ConnectionHandler.process(AbstractProtocol.java:868)
	at org.apache.tomcat.util.net.NioEndpoint$SocketProcessor.doRun(NioEndpoint.java:1459)
	at org.apache.tomcat.util.net.SocketProcessorBase.run(SocketProcessorBase.java:49)
	at java.util.concurrent.ThreadPoolExecutor.runWorker(ThreadPoolExecutor.java:1149)
	at java.util.concurrent.ThreadPoolExecutor$Worker.run(ThreadPoolExecutor.java:624)
	at org.apache.tomcat.util.threads.TaskThread$WrappingRunnable.run(TaskThread.java:61)
	at java.lang.Thread.run(Thread.java:748)
2018-01-31 11:10:31,916 [http-nio-8080-exec-7] DEBUG com.douban.mapper.UserMapper.getById:159 - ==>  Preparing: select * from user where id = ? 
2018-01-31 11:10:31,935 [http-nio-8080-exec-7] DEBUG com.douban.mapper.UserMapper.getById:159 - ==> Parameters: 1(Integer)
2018-01-31 11:10:31,949 [http-nio-8080-exec-7] DEBUG com.douban.mapper.UserMapper.getById:159 - <==      Total: 1
2018-01-31 11:10:31,950 [http-nio-8080-exec-7] INFO  com.douban.web.controller.UserController:32 - user:User{id=1, name='林瑞凯', password='123456', gender=1}
2018-01-31 11:10:48,552 [http-nio-8080-exec-10] DEBUG com.douban.mapper.UserMapper.getById:159 - ==>  Preparing: select * from user where id = ? 
2018-01-31 11:10:48,553 [http-nio-8080-exec-10] DEBUG com.douban.mapper.UserMapper.getById:159 - ==> Parameters: 1(Integer)
2018-01-31 11:10:48,554 [http-nio-8080-exec-10] DEBUG com.douban.mapper.UserMapper.getById:159 - <==      Total: 1
2018-01-31 11:10:48,555 [http-nio-8080-exec-10] INFO  com.douban.web.controller.UserController:32 - user:User{id=1, name='林瑞凯', password='123456', gender=1}
2018-01-31 11:12:18,487 [Thread-13] INFO  o.s.b.c.e.AnnotationConfigEmbeddedWebApplicationContext:984 - Closing org.springframework.boot.context.embedded.AnnotationConfigEmbeddedWebApplicationContext@49b0b76: startup date [Wed Jan 31 11:09:27 CST 2018]; root of context hierarchy
2018-01-31 11:12:18,491 [Thread-13] INFO  o.s.context.support.DefaultLifecycleProcessor:358 - Stopping beans in phase 2147483647
2018-01-31 11:12:18,494 [Thread-13] INFO  o.s.jmx.export.annotation.AnnotationMBeanExporter:449 - Unregistering JMX-exposed beans on shutdown
2018-01-31 11:12:21,829 [main] INFO  com.douban.DoubanApplication:48 - Starting DoubanApplication on MacBookPro.local with PID 10244 (/Users/plusx/myDemo/douban/target/classes started by plusx in /Users/plusx/myDemo/douban)
2018-01-31 11:12:21,835 [main] INFO  com.douban.DoubanApplication:593 - No active profile set, falling back to default profiles: default
2018-01-31 11:12:21,974 [main] INFO  o.s.b.c.e.AnnotationConfigEmbeddedWebApplicationContext:583 - Refreshing org.springframework.boot.context.embedded.AnnotationConfigEmbeddedWebApplicationContext@49b0b76: startup date [Wed Jan 31 11:12:21 CST 2018]; root of context hierarchy
2018-01-31 11:12:22,059 [background-preinit] INFO  org.hibernate.validator.internal.util.Version:30 - HV000001: Hibernate Validator 5.3.6.Final
2018-01-31 11:12:23,025 [main] INFO  o.s.d.r.config.RepositoryConfigurationDelegate:165 - Multiple Spring Data modules found, entering strict repository configuration mode!
2018-01-31 11:12:23,322 [main] INFO  o.s.c.s.PostProcessorRegistrationDelegate$BeanPostProcessorChecker:327 - Bean 'org.springframework.transaction.annotation.ProxyTransactionManagementConfiguration' of type [org.springframework.transaction.annotation.ProxyTransactionManagementConfiguration$$EnhancerBySpringCGLIB$$fbc97e96] is not eligible for getting processed by all BeanPostProcessors (for example: not eligible for auto-proxying)
2018-01-31 11:12:23,645 [main] INFO  o.s.b.c.e.tomcat.TomcatEmbeddedServletContainer:89 - Tomcat initialized with port(s): 8080 (http)
2018-01-31 11:12:23,656 [main] INFO  org.apache.catalina.core.StandardService:179 - Starting service [Tomcat]
2018-01-31 11:12:23,657 [main] INFO  org.apache.catalina.core.StandardEngine:179 - Starting Servlet Engine: Apache Tomcat/8.5.23
2018-01-31 11:12:23,727 [localhost-startStop-1] INFO  o.a.c.core.ContainerBase.[Tomcat].[localhost].[/]:179 - Initializing Spring embedded WebApplicationContext
2018-01-31 11:12:23,728 [localhost-startStop-1] INFO  org.springframework.web.context.ContextLoader:276 - Root WebApplicationContext: initialization completed in 1754 ms
2018-01-31 11:12:23,856 [localhost-startStop-1] INFO  o.s.boot.web.servlet.ServletRegistrationBean:190 - Mapping servlet: 'dispatcherServlet' to [/]
2018-01-31 11:12:23,862 [localhost-startStop-1] INFO  o.s.boot.web.servlet.FilterRegistrationBean:258 - Mapping filter: 'characterEncodingFilter' to: [/*]
2018-01-31 11:12:23,862 [localhost-startStop-1] INFO  o.s.boot.web.servlet.FilterRegistrationBean:258 - Mapping filter: 'hiddenHttpMethodFilter' to: [/*]
2018-01-31 11:12:23,863 [localhost-startStop-1] INFO  o.s.boot.web.servlet.FilterRegistrationBean:258 - Mapping filter: 'httpPutFormContentFilter' to: [/*]
2018-01-31 11:12:23,863 [localhost-startStop-1] INFO  o.s.boot.web.servlet.FilterRegistrationBean:258 - Mapping filter: 'requestContextFilter' to: [/*]
2018-01-31 11:12:24,546 [main] INFO  o.s.w.s.m.m.a.RequestMappingHandlerMapping:543 - Mapped "{[/user/{id}],methods=[GET],produces=[application/json;charset=UTF-8]}" onto public com.douban.web.support.Result com.douban.web.controller.UserController.get(java.lang.Integer)
2018-01-31 11:12:24,552 [main] INFO  o.s.w.s.m.m.a.RequestMappingHandlerMapping:543 - Mapped "{[/swagger-resources/configuration/ui]}" onto public org.springframework.http.ResponseEntity<springfox.documentation.swagger.web.UiConfiguration> springfox.documentation.swagger.web.ApiResourceController.uiConfiguration()
2018-01-31 11:12:24,553 [main] INFO  o.s.w.s.m.m.a.RequestMappingHandlerMapping:543 - Mapped "{[/swagger-resources/configuration/security]}" onto public org.springframework.http.ResponseEntity<springfox.documentation.swagger.web.SecurityConfiguration> springfox.documentation.swagger.web.ApiResourceController.securityConfiguration()
2018-01-31 11:12:24,554 [main] INFO  o.s.w.s.m.m.a.RequestMappingHandlerMapping:543 - Mapped "{[/swagger-resources]}" onto public org.springframework.http.ResponseEntity<java.util.List<springfox.documentation.swagger.web.SwaggerResource>> springfox.documentation.swagger.web.ApiResourceController.swaggerResources()
2018-01-31 11:12:24,558 [main] INFO  o.s.w.s.m.m.a.RequestMappingHandlerMapping:543 - Mapped "{[/error]}" onto public org.springframework.http.ResponseEntity<java.util.Map<java.lang.String, java.lang.Object>> org.springframework.boot.autoconfigure.web.BasicErrorController.error(javax.servlet.http.HttpServletRequest)
2018-01-31 11:12:24,558 [main] INFO  o.s.w.s.m.m.a.RequestMappingHandlerMapping:543 - Mapped "{[/error],produces=[text/html]}" onto public org.springframework.web.servlet.ModelAndView org.springframework.boot.autoconfigure.web.BasicErrorController.errorHtml(javax.servlet.http.HttpServletRequest,javax.servlet.http.HttpServletResponse)
2018-01-31 11:12:24,692 [main] INFO  s.d.s.w.PropertySourcedRequestMappingHandlerMapping:69 - Mapped URL path [/v2/api-docs] onto method [public org.springframework.http.ResponseEntity<springfox.documentation.spring.web.json.Json> springfox.documentation.swagger2.web.Swagger2Controller.getDocumentation(java.lang.String,javax.servlet.http.HttpServletRequest)]
2018-01-31 11:12:24,899 [main] INFO  o.s.w.s.m.m.a.RequestMappingHandlerAdapter:534 - Looking for @ControllerAdvice: org.springframework.boot.context.embedded.AnnotationConfigEmbeddedWebApplicationContext@49b0b76: startup date [Wed Jan 31 11:12:21 CST 2018]; root of context hierarchy
2018-01-31 11:12:24,949 [main] INFO  o.s.web.servlet.handler.SimpleUrlHandlerMapping:362 - Mapped URL path [/webjars/**] onto handler of type [class org.springframework.web.servlet.resource.ResourceHttpRequestHandler]
2018-01-31 11:12:24,950 [main] INFO  o.s.web.servlet.handler.SimpleUrlHandlerMapping:362 - Mapped URL path [/**] onto handler of type [class org.springframework.web.servlet.resource.ResourceHttpRequestHandler]
2018-01-31 11:12:24,981 [main] INFO  o.s.web.servlet.handler.SimpleUrlHandlerMapping:362 - Mapped URL path [/**/favicon.ico] onto handler of type [class org.springframework.web.servlet.resource.ResourceHttpRequestHandler]
2018-01-31 11:12:25,307 [main] INFO  o.s.jmx.export.annotation.AnnotationMBeanExporter:431 - Registering beans for JMX exposure on startup
2018-01-31 11:12:25,316 [main] INFO  o.s.context.support.DefaultLifecycleProcessor:343 - Starting beans in phase 2147483647
2018-01-31 11:12:25,316 [main] INFO  s.d.s.web.plugins.DocumentationPluginsBootstrapper:147 - Context refreshed
2018-01-31 11:12:25,329 [main] INFO  s.d.s.web.plugins.DocumentationPluginsBootstrapper:150 - Found 1 custom documentation plugin(s)
2018-01-31 11:12:25,479 [main] INFO  s.d.spring.web.scanners.ApiListingReferenceScanner:41 - Scanning for api listing references
2018-01-31 11:12:25,618 [main] INFO  org.apache.coyote.http11.Http11NioProtocol:179 - Initializing ProtocolHandler ["http-nio-8080"]
2018-01-31 11:12:25,629 [main] INFO  org.apache.coyote.http11.Http11NioProtocol:179 - Starting ProtocolHandler ["http-nio-8080"]
2018-01-31 11:12:25,649 [main] INFO  org.apache.tomcat.util.net.NioSelectorPool:179 - Using a shared selector for servlet write/read
2018-01-31 11:12:25,662 [main] INFO  o.s.b.c.e.tomcat.TomcatEmbeddedServletContainer:201 - Tomcat started on port(s): 8080 (http)
2018-01-31 11:12:25,668 [main] INFO  com.douban.DoubanApplication:57 - Started DoubanApplication in 4.391 seconds (JVM running for 6.056)
2018-01-31 11:12:27,732 [http-nio-8080-exec-1] INFO  o.a.c.core.ContainerBase.[Tomcat].[localhost].[/]:179 - Initializing Spring FrameworkServlet 'dispatcherServlet'
2018-01-31 11:12:27,733 [http-nio-8080-exec-1] INFO  org.springframework.web.servlet.DispatcherServlet:489 - FrameworkServlet 'dispatcherServlet': initialization started
2018-01-31 11:12:27,747 [http-nio-8080-exec-1] INFO  org.springframework.web.servlet.DispatcherServlet:508 - FrameworkServlet 'dispatcherServlet': initialization completed in 14 ms
2018-01-31 11:12:28,048 [http-nio-8080-exec-1] DEBUG com.douban.mapper.UserMapper.getById:159 - ==>  Preparing: select * from user where id = ? 
2018-01-31 11:12:28,065 [http-nio-8080-exec-1] DEBUG com.douban.mapper.UserMapper.getById:159 - ==> Parameters: 1(Integer)
2018-01-31 11:12:28,075 [http-nio-8080-exec-1] DEBUG com.douban.mapper.UserMapper.getById:159 - <==      Total: 1
2018-01-31 11:12:28,076 [http-nio-8080-exec-1] INFO  com.douban.web.controller.UserController:32 - user:User{id=1, name='林瑞凯', password='123456', gender=1}
2018-01-31 11:13:15,954 [http-nio-8080-exec-6] DEBUG com.douban.mapper.UserMapper.getById:159 - ==>  Preparing: select * from user where id = ? 
2018-01-31 11:13:15,955 [http-nio-8080-exec-6] DEBUG com.douban.mapper.UserMapper.getById:159 - ==> Parameters: 1(Integer)
2018-01-31 11:13:15,956 [http-nio-8080-exec-6] DEBUG com.douban.mapper.UserMapper.getById:159 - <==      Total: 1
2018-01-31 11:13:15,957 [http-nio-8080-exec-6] INFO  com.douban.web.controller.UserController:32 - user:User{id=1, name='林瑞凯', password='123456', gender=1}
2018-01-31 11:17:21,113 [http-nio-8080-exec-1] DEBUG com.douban.mapper.UserMapper.getById:159 - ==>  Preparing: select * from user where id = ? 
2018-01-31 11:17:21,114 [http-nio-8080-exec-1] DEBUG com.douban.mapper.UserMapper.getById:159 - ==> Parameters: 1(Integer)
2018-01-31 11:17:21,116 [http-nio-8080-exec-1] DEBUG com.douban.mapper.UserMapper.getById:159 - <==      Total: 1
2018-01-31 11:17:21,117 [http-nio-8080-exec-1] INFO  com.douban.web.controller.UserController:32 - user:User{id=1, name='林瑞凯', password='123456', gender=1}
2018-01-31 11:20:21,924 [Thread-12] INFO  o.s.b.c.e.AnnotationConfigEmbeddedWebApplicationContext:984 - Closing org.springframework.boot.context.embedded.AnnotationConfigEmbeddedWebApplicationContext@49b0b76: startup date [Wed Jan 31 11:12:21 CST 2018]; root of context hierarchy
2018-01-31 11:20:21,929 [Thread-12] INFO  o.s.context.support.DefaultLifecycleProcessor:358 - Stopping beans in phase 2147483647
2018-01-31 11:20:21,931 [Thread-12] INFO  o.s.jmx.export.annotation.AnnotationMBeanExporter:449 - Unregistering JMX-exposed beans on shutdown
